<?xml version="1.0" encoding="UTF-8"?>
<!-- Generated by org.testng.reporters.JUnitReportReporter -->
<testsuite hostname="SSD-16-0065" name="test.java.HybridExecuteTest" tests="51" failures="0" timestamp="26 Feb 2015 14:16:09 GMT" time="10.239" errors="0">
  <testcase name="testLogin" time="0.000" classname="test.java.HybridExecuteTest"/>
  <testcase name="testLogin" time="0.000" classname="test.java.HybridExecuteTest"/>
  <testcase name="testLogin" time="0.000" classname="test.java.HybridExecuteTest"/>
  <testcase name="testTest" time="0.000" classname="test.java.HybridExecuteTest"/>
  <testcase name="testLogin" time="0.000" classname="test.java.HybridExecuteTest"/>
  <testcase name="testLogin" time="0.000" classname="test.java.HybridExecuteTest"/>
  <testcase name="testLogin" time="0.000" classname="test.java.HybridExecuteTest"/>
  <testcase name="testLogin" time="0.000" classname="test.java.HybridExecuteTest"/>
  <testcase name="testLogin" time="0.000" classname="test.java.HybridExecuteTest"/>
  <testcase name="testLogin" time="0.000" classname="test.java.HybridExecuteTest"/>
  <testcase name="testLogin" time="0.171" classname="test.java.HybridExecuteTest"/>
  <testcase name="testLogin" time="0.000" classname="test.java.HybridExecuteTest"/>
  <testcase name="testLogin" time="0.000" classname="test.java.HybridExecuteTest"/>
  <testcase name="testLogin" time="0.000" classname="test.java.HybridExecuteTest"/>
  <testcase name="testLogin" time="0.000" classname="test.java.HybridExecuteTest"/>
  <testcase name="testLogin" time="0.015" classname="test.java.HybridExecuteTest"/>
  <testcase name="testLogin" time="0.000" classname="test.java.HybridExecuteTest"/>
  <testcase name="testLogin" time="0.000" classname="test.java.HybridExecuteTest"/>
  <testcase name="testLogin" time="0.000" classname="test.java.HybridExecuteTest"/>
  <testcase name="testLogin" time="0.000" classname="test.java.HybridExecuteTest"/>
  <testcase name="testLogin" time="0.000" classname="test.java.HybridExecuteTest"/>
  <testcase name="testLogin" time="0.751" classname="test.java.HybridExecuteTest"/>
  <testcase name="testLogin" time="0.000" classname="test.java.HybridExecuteTest"/>
  <testcase name="testLogin" time="0.111" classname="test.java.HybridExecuteTest"/>
  <testcase name="testLogin" time="0.000" classname="test.java.HybridExecuteTest"/>
  <testcase name="testLogin" time="0.000" classname="test.java.HybridExecuteTest"/>
  <testcase name="testLogin" time="0.000" classname="test.java.HybridExecuteTest"/>
  <testcase name="testLogin" time="0.000" classname="test.java.HybridExecuteTest"/>
  <testcase name="testLogin" time="0.000" classname="test.java.HybridExecuteTest"/>
  <testcase name="testLogin" time="0.000" classname="test.java.HybridExecuteTest"/>
  <testcase name="testLogin" time="0.000" classname="test.java.HybridExecuteTest"/>
  <testcase name="testLogin" time="0.296" classname="test.java.HybridExecuteTest"/>
  <testcase name="testLogin" time="0.000" classname="test.java.HybridExecuteTest"/>
  <testcase name="testLogin" time="0.000" classname="test.java.HybridExecuteTest"/>
  <testcase name="testLogin" time="0.000" classname="test.java.HybridExecuteTest"/>
  <testcase name="testLogin" time="0.000" classname="test.java.HybridExecuteTest"/>
  <testcase name="testLogin" time="0.000" classname="test.java.HybridExecuteTest"/>
  <testcase name="testLogin" time="0.000" classname="test.java.HybridExecuteTest"/>
  <testcase name="testLogin" time="0.000" classname="test.java.HybridExecuteTest"/>
  <testcase name="testLogin" time="0.000" classname="test.java.HybridExecuteTest"/>
  <testcase name="testLogin" time="0.000" classname="test.java.HybridExecuteTest"/>
  <testcase name="testLogin" time="0.000" classname="test.java.HybridExecuteTest"/>
  <testcase name="testLogin" time="0.000" classname="test.java.HybridExecuteTest"/>
  <testcase name="testLogin" time="0.016" classname="test.java.HybridExecuteTest"/>
  <testcase name="testLogin" time="1.170" classname="test.java.HybridExecuteTest"/>
  <testcase name="testLogin" time="7.410" classname="test.java.HybridExecuteTest"/>
  <testcase name="testLogin" time="0.000" classname="test.java.HybridExecuteTest"/>
  <testcase name="testLogin" time="0.000" classname="test.java.HybridExecuteTest"/>
  <testcase name="testLogin" time="0.000" classname="test.java.HybridExecuteTest"/>
  <testcase name="testLogin" time="0.016" classname="test.java.HybridExecuteTest"/>
  <testcase name="testLogin" time="0.283" classname="test.java.HybridExecuteTest"/>
</testsuite> <!-- test.java.HybridExecuteTest -->
